+ date
Fri May 19 15:59:00 EDT 2023
+ module purge
++ /usr/share/lmod/lmod/libexec/lmod bash purge
+ eval unset '__LMOD_REF_COUNT_LOADEDMODULES;' unset 'LOADEDMODULES;' 'MODULEPATH=/opt/modulefiles:/usr/share/modulefiles:/usr/share/modulefiles/Linux:/usr/share/modulefiles/Core:/usr/share/lmod/lmod/modulefiles/Core;' export 'MODULEPATH;' '__LMOD_REF_COUNT_PATH=/opt/packages/anaconda3/bin:1\;/opt/packages/anaconda3/condabin:1\;/hildafs/home/tcabrera/.local/bin:1\;/hildafs/home/tcabrera/bin:1\;/usr/local/bin:1\;/usr/bin:1\;/usr/local/sbin:1\;/usr/sbin:1\;/opt/puppetlabs/bin:1;' export '__LMOD_REF_COUNT_PATH;' 'PATH=/opt/packages/anaconda3/bin:/opt/packages/anaconda3/condabin:/hildafs/home/tcabrera/.local/bin:/hildafs/home/tcabrera/bin:/usr/local/bin:/usr/bin:/usr/local/sbin:/usr/sbin:/opt/puppetlabs/bin;' export 'PATH;' unset '__LMOD_REF_COUNT__LMFILES_;' unset '_LMFILES_;' '_ModuleTable001_=X01vZHVsZVRhYmxlXz17WyJNVHZlcnNpb24iXT0zLFsiY19yZWJ1aWxkVGltZSJdPWZhbHNlLFsiY19zaG9ydFRpbWUiXT1mYWxzZSxkZXB0aFQ9e30sZmFtaWx5PXt9LG1UPXt9LG1wYXRoQT17Ii9vcHQvbW9kdWxlZmlsZXMiLCIvdXNyL3NoYXJlL21vZHVsZWZpbGVzIiwiL3Vzci9zaGFyZS9tb2R1bGVmaWxlcy9MaW51eCIsIi91c3Ivc2hhcmUvbW9kdWxlZmlsZXMvQ29yZSIsIi91c3Ivc2hhcmUvbG1vZC9sbW9kL21vZHVsZWZpbGVzL0NvcmUiLH0sWyJzeXN0ZW1CYXNlTVBBVEgiXT0iL29wdC9tb2R1bGVmaWxlczovdXNyL3NoYXJlL21vZHVsZWZpbGVzOi91c3Ivc2hhcmUvbW9kdWxlZmlsZXMvTGludXg6L3Vzci9zaGFyZS9tb2R1bGVmaWxlcy9Db3JlOi91c3Ivc2hh;' export '_ModuleTable001_;' '_ModuleTable002_=cmUvbG1vZC9sbW9kL21vZHVsZWZpbGVzL0NvcmUiLH0=;' export '_ModuleTable002_;' '_ModuleTable_Sz_=2;' export '_ModuleTable_Sz_;'
++ unset __LMOD_REF_COUNT_LOADEDMODULES
++ unset LOADEDMODULES
++ MODULEPATH=/opt/modulefiles:/usr/share/modulefiles:/usr/share/modulefiles/Linux:/usr/share/modulefiles/Core:/usr/share/lmod/lmod/modulefiles/Core
++ export MODULEPATH
++ __LMOD_REF_COUNT_PATH='/opt/packages/anaconda3/bin:1;/opt/packages/anaconda3/condabin:1;/hildafs/home/tcabrera/.local/bin:1;/hildafs/home/tcabrera/bin:1;/usr/local/bin:1;/usr/bin:1;/usr/local/sbin:1;/usr/sbin:1;/opt/puppetlabs/bin:1'
++ export __LMOD_REF_COUNT_PATH
++ PATH=/opt/packages/anaconda3/bin:/opt/packages/anaconda3/condabin:/hildafs/home/tcabrera/.local/bin:/hildafs/home/tcabrera/bin:/usr/local/bin:/usr/bin:/usr/local/sbin:/usr/sbin:/opt/puppetlabs/bin
++ export PATH
++ unset __LMOD_REF_COUNT__LMFILES_
++ unset _LMFILES_
++ _ModuleTable001_=X01vZHVsZVRhYmxlXz17WyJNVHZlcnNpb24iXT0zLFsiY19yZWJ1aWxkVGltZSJdPWZhbHNlLFsiY19zaG9ydFRpbWUiXT1mYWxzZSxkZXB0aFQ9e30sZmFtaWx5PXt9LG1UPXt9LG1wYXRoQT17Ii9vcHQvbW9kdWxlZmlsZXMiLCIvdXNyL3NoYXJlL21vZHVsZWZpbGVzIiwiL3Vzci9zaGFyZS9tb2R1bGVmaWxlcy9MaW51eCIsIi91c3Ivc2hhcmUvbW9kdWxlZmlsZXMvQ29yZSIsIi91c3Ivc2hhcmUvbG1vZC9sbW9kL21vZHVsZWZpbGVzL0NvcmUiLH0sWyJzeXN0ZW1CYXNlTVBBVEgiXT0iL29wdC9tb2R1bGVmaWxlczovdXNyL3NoYXJlL21vZHVsZWZpbGVzOi91c3Ivc2hhcmUvbW9kdWxlZmlsZXMvTGludXg6L3Vzci9zaGFyZS9tb2R1bGVmaWxlcy9Db3JlOi91c3Ivc2hh
++ export _ModuleTable001_
++ _ModuleTable002_=cmUvbG1vZC9sbW9kL21vZHVsZWZpbGVzL0NvcmUiLH0=
++ export _ModuleTable002_
++ _ModuleTable_Sz_=2
++ export _ModuleTable_Sz_
++ : -s sh
+ eval
+ module load anaconda3/2020.07
++ /usr/share/lmod/lmod/libexec/lmod bash load anaconda3/2020.07
+ eval 'CONDA_DEFAULT_ENV=base;' export 'CONDA_DEFAULT_ENV;' 'CONDA_EXE=/opt/packages/anaconda3/bin/conda;' export 'CONDA_EXE;' 'CONDA_PKGS_DIRS=\~/.conda/pkgs;' export 'CONDA_PKGS_DIRS;' 'CONDA_PREFIX=/opt/packages/anaconda3;' export 'CONDA_PREFIX;' 'CONDA_PROMPT_MODIFIER=\(base\)\' ';' export 'CONDA_PROMPT_MODIFIER;' 'CONDA_SHLVL=1;' export 'CONDA_SHLVL;' '__LMOD_REF_COUNT_LOADEDMODULES=anaconda3/2020.07:1;' export '__LMOD_REF_COUNT_LOADEDMODULES;' 'LOADEDMODULES=anaconda3/2020.07;' export 'LOADEDMODULES;' 'MODULEPATH=/opt/modulefiles:/usr/share/modulefiles:/usr/share/modulefiles/Linux:/usr/share/modulefiles/Core:/usr/share/lmod/lmod/modulefiles/Core;' export 'MODULEPATH;' '__LMOD_REF_COUNT_PATH=/opt/packages/anaconda3/bin:2\;/opt/packages/anaconda3/condabin:2\;/hildafs/home/tcabrera/.local/bin:1\;/hildafs/home/tcabrera/bin:1\;/usr/local/bin:1\;/usr/bin:1\;/usr/local/sbin:1\;/usr/sbin:1\;/opt/puppetlabs/bin:1;' export '__LMOD_REF_COUNT_PATH;' 'PATH=/opt/packages/anaconda3/bin:/opt/packages/anaconda3/condabin:/hildafs/home/tcabrera/.local/bin:/hildafs/home/tcabrera/bin:/usr/local/bin:/usr/bin:/usr/local/sbin:/usr/sbin:/opt/puppetlabs/bin;' export 'PATH;' '_CE_CONDA=;' export '_CE_CONDA;' '_CE_M=;' export '_CE_M;' '__LMOD_REF_COUNT__LMFILES_=/opt/modulefiles/anaconda3/2020.07.lua:1;' export '__LMOD_REF_COUNT__LMFILES_;' '_LMFILES_=/opt/modulefiles/anaconda3/2020.07.lua;' export '_LMFILES_;' '_ModuleTable001_=X01vZHVsZVRhYmxlXz17WyJNVHZlcnNpb24iXT0zLFsiY19yZWJ1aWxkVGltZSJdPWZhbHNlLFsiY19zaG9ydFRpbWUiXT1mYWxzZSxkZXB0aFQ9e30sZmFtaWx5PXt9LG1UPXthbmFjb25kYTM9e1siZm4iXT0iL29wdC9tb2R1bGVmaWxlcy9hbmFjb25kYTMvMjAyMC4wNy5sdWEiLFsiZnVsbE5hbWUiXT0iYW5hY29uZGEzLzIwMjAuMDciLFsibG9hZE9yZGVyIl09MSxwcm9wVD17fSxbInN0YWNrRGVwdGgiXT0wLFsic3RhdHVzIl09ImFjdGl2ZSIsWyJ1c2VyTmFtZSJdPSJhbmFjb25kYTMvMjAyMC4wNyIsfSx9LG1wYXRoQT17Ii9vcHQvbW9kdWxlZmlsZXMiLCIvdXNyL3NoYXJlL21vZHVsZWZpbGVzIiwiL3Vzci9zaGFyZS9tb2R1bGVmaWxlcy9MaW51eCIsIi91c3Ivc2hh;' export '_ModuleTable001_;' '_ModuleTable002_=cmUvbW9kdWxlZmlsZXMvQ29yZSIsIi91c3Ivc2hhcmUvbG1vZC9sbW9kL21vZHVsZWZpbGVzL0NvcmUiLH0sWyJzeXN0ZW1CYXNlTVBBVEgiXT0iL29wdC9tb2R1bGVmaWxlczovdXNyL3NoYXJlL21vZHVsZWZpbGVzOi91c3Ivc2hhcmUvbW9kdWxlZmlsZXMvTGludXg6L3Vzci9zaGFyZS9tb2R1bGVmaWxlcy9Db3JlOi91c3Ivc2hhcmUvbG1vZC9sbW9kL21vZHVsZWZpbGVzL0NvcmUiLH0=;' export '_ModuleTable002_;' '_ModuleTable_Sz_=2;' export '_ModuleTable_Sz_;' mkdir -p '~/.conda/pkgs/cache;'
++ CONDA_DEFAULT_ENV=base
++ export CONDA_DEFAULT_ENV
++ CONDA_EXE=/opt/packages/anaconda3/bin/conda
++ export CONDA_EXE
++ CONDA_PKGS_DIRS='~/.conda/pkgs'
++ export CONDA_PKGS_DIRS
++ CONDA_PREFIX=/opt/packages/anaconda3
++ export CONDA_PREFIX
++ CONDA_PROMPT_MODIFIER='(base) '
++ export CONDA_PROMPT_MODIFIER
++ CONDA_SHLVL=1
++ export CONDA_SHLVL
++ __LMOD_REF_COUNT_LOADEDMODULES=anaconda3/2020.07:1
++ export __LMOD_REF_COUNT_LOADEDMODULES
++ LOADEDMODULES=anaconda3/2020.07
++ export LOADEDMODULES
++ MODULEPATH=/opt/modulefiles:/usr/share/modulefiles:/usr/share/modulefiles/Linux:/usr/share/modulefiles/Core:/usr/share/lmod/lmod/modulefiles/Core
++ export MODULEPATH
++ __LMOD_REF_COUNT_PATH='/opt/packages/anaconda3/bin:2;/opt/packages/anaconda3/condabin:2;/hildafs/home/tcabrera/.local/bin:1;/hildafs/home/tcabrera/bin:1;/usr/local/bin:1;/usr/bin:1;/usr/local/sbin:1;/usr/sbin:1;/opt/puppetlabs/bin:1'
++ export __LMOD_REF_COUNT_PATH
++ PATH=/opt/packages/anaconda3/bin:/opt/packages/anaconda3/condabin:/hildafs/home/tcabrera/.local/bin:/hildafs/home/tcabrera/bin:/usr/local/bin:/usr/bin:/usr/local/sbin:/usr/sbin:/opt/puppetlabs/bin
++ export PATH
++ _CE_CONDA=
++ export _CE_CONDA
++ _CE_M=
++ export _CE_M
++ __LMOD_REF_COUNT__LMFILES_=/opt/modulefiles/anaconda3/2020.07.lua:1
++ export __LMOD_REF_COUNT__LMFILES_
++ _LMFILES_=/opt/modulefiles/anaconda3/2020.07.lua
++ export _LMFILES_
++ _ModuleTable001_=X01vZHVsZVRhYmxlXz17WyJNVHZlcnNpb24iXT0zLFsiY19yZWJ1aWxkVGltZSJdPWZhbHNlLFsiY19zaG9ydFRpbWUiXT1mYWxzZSxkZXB0aFQ9e30sZmFtaWx5PXt9LG1UPXthbmFjb25kYTM9e1siZm4iXT0iL29wdC9tb2R1bGVmaWxlcy9hbmFjb25kYTMvMjAyMC4wNy5sdWEiLFsiZnVsbE5hbWUiXT0iYW5hY29uZGEzLzIwMjAuMDciLFsibG9hZE9yZGVyIl09MSxwcm9wVD17fSxbInN0YWNrRGVwdGgiXT0wLFsic3RhdHVzIl09ImFjdGl2ZSIsWyJ1c2VyTmFtZSJdPSJhbmFjb25kYTMvMjAyMC4wNyIsfSx9LG1wYXRoQT17Ii9vcHQvbW9kdWxlZmlsZXMiLCIvdXNyL3NoYXJlL21vZHVsZWZpbGVzIiwiL3Vzci9zaGFyZS9tb2R1bGVmaWxlcy9MaW51eCIsIi91c3Ivc2hh
++ export _ModuleTable001_
++ _ModuleTable002_=cmUvbW9kdWxlZmlsZXMvQ29yZSIsIi91c3Ivc2hhcmUvbG1vZC9sbW9kL21vZHVsZWZpbGVzL0NvcmUiLH0sWyJzeXN0ZW1CYXNlTVBBVEgiXT0iL29wdC9tb2R1bGVmaWxlczovdXNyL3NoYXJlL21vZHVsZWZpbGVzOi91c3Ivc2hhcmUvbW9kdWxlZmlsZXMvTGludXg6L3Vzci9zaGFyZS9tb2R1bGVmaWxlcy9Db3JlOi91c3Ivc2hhcmUvbG1vZC9sbW9kL21vZHVsZWZpbGVzL0NvcmUiLH0=
++ export _ModuleTable002_
++ _ModuleTable_Sz_=2
++ export _ModuleTable_Sz_
++ mkdir -p /hildafs/home/tcabrera/.conda/pkgs/cache
++ : -s sh
+ eval
+ source /opt/packages/anaconda3/etc/profile.d/conda.sh
++ export CONDA_EXE=/opt/packages/anaconda3/bin/conda
++ CONDA_EXE=/opt/packages/anaconda3/bin/conda
++ export _CE_M=
++ _CE_M=
++ export _CE_CONDA=
++ _CE_CONDA=
++ export CONDA_PYTHON_EXE=/opt/packages/anaconda3/bin/python
++ CONDA_PYTHON_EXE=/opt/packages/anaconda3/bin/python
++ '[' -z x ']'
+ conda deactivate
+ '[' 1 -lt 1 ']'
+ local cmd=deactivate
+ shift
+ case "$cmd" in
+ __conda_activate deactivate
+ '[' -n '' ']'
+ local cmd=deactivate
+ shift
+ local ask_conda
+ CONDA_INTERNAL_OLDPATH=/opt/packages/anaconda3/bin:/opt/packages/anaconda3/condabin:/hildafs/home/tcabrera/.local/bin:/hildafs/home/tcabrera/bin:/usr/local/bin:/usr/bin:/usr/local/sbin:/usr/sbin:/opt/puppetlabs/bin
+ __add_sys_prefix_to_path
+ '[' -n '' ']'
++ dirname /opt/packages/anaconda3/bin/conda
+ SYSP=/opt/packages/anaconda3/bin
++ dirname /opt/packages/anaconda3/bin
+ SYSP=/opt/packages/anaconda3
+ '[' -n '' ']'
+ PATH=/opt/packages/anaconda3/bin:/opt/packages/anaconda3/bin:/opt/packages/anaconda3/condabin:/hildafs/home/tcabrera/.local/bin:/hildafs/home/tcabrera/bin:/usr/local/bin:/usr/bin:/usr/local/sbin:/usr/sbin:/opt/puppetlabs/bin
+ export PATH
++ PS1=
++ /opt/packages/anaconda3/bin/conda shell.posix deactivate
+ ask_conda='export PATH='\''/opt/packages/anaconda3/condabin:/hildafs/home/tcabrera/.local/bin:/hildafs/home/tcabrera/bin:/usr/local/bin:/usr/bin:/usr/local/sbin:/usr/sbin:/opt/puppetlabs/bin'\''
unset CONDA_PREFIX
unset CONDA_DEFAULT_ENV
unset CONDA_PROMPT_MODIFIER
PS1='\'''\''
export CONDA_SHLVL='\''0'\''
export CONDA_EXE='\''/opt/packages/anaconda3/bin/conda'\''
export _CE_M='\'''\''
export _CE_CONDA='\'''\''
export CONDA_PYTHON_EXE='\''/opt/packages/anaconda3/bin/python'\'''
+ rc=0
+ PATH=/opt/packages/anaconda3/bin:/opt/packages/anaconda3/condabin:/hildafs/home/tcabrera/.local/bin:/hildafs/home/tcabrera/bin:/usr/local/bin:/usr/bin:/usr/local/sbin:/usr/sbin:/opt/puppetlabs/bin
+ eval 'export PATH='\''/opt/packages/anaconda3/condabin:/hildafs/home/tcabrera/.local/bin:/hildafs/home/tcabrera/bin:/usr/local/bin:/usr/bin:/usr/local/sbin:/usr/sbin:/opt/puppetlabs/bin'\''
unset CONDA_PREFIX
unset CONDA_DEFAULT_ENV
unset CONDA_PROMPT_MODIFIER
PS1='\'''\''
export CONDA_SHLVL='\''0'\''
export CONDA_EXE='\''/opt/packages/anaconda3/bin/conda'\''
export _CE_M='\'''\''
export _CE_CONDA='\'''\''
export CONDA_PYTHON_EXE='\''/opt/packages/anaconda3/bin/python'\'''
++ export PATH=/opt/packages/anaconda3/condabin:/hildafs/home/tcabrera/.local/bin:/hildafs/home/tcabrera/bin:/usr/local/bin:/usr/bin:/usr/local/sbin:/usr/sbin:/opt/puppetlabs/bin
++ PATH=/opt/packages/anaconda3/condabin:/hildafs/home/tcabrera/.local/bin:/hildafs/home/tcabrera/bin:/usr/local/bin:/usr/bin:/usr/local/sbin:/usr/sbin:/opt/puppetlabs/bin
++ unset CONDA_PREFIX
++ unset CONDA_DEFAULT_ENV
++ unset CONDA_PROMPT_MODIFIER
++ PS1=
++ export CONDA_SHLVL=0
++ CONDA_SHLVL=0
++ export CONDA_EXE=/opt/packages/anaconda3/bin/conda
++ CONDA_EXE=/opt/packages/anaconda3/bin/conda
++ export _CE_M=
++ _CE_M=
++ export _CE_CONDA=
++ _CE_CONDA=
++ export CONDA_PYTHON_EXE=/opt/packages/anaconda3/bin/python
++ CONDA_PYTHON_EXE=/opt/packages/anaconda3/bin/python
+ '[' 0 '!=' 0 ']'
+ __conda_hashr
+ '[' -n '' ']'
+ '[' -n '' ']'
+ hash -r
+ condaDIR=/hildafs/projects/phy200025p/tcabrera/.conda/envs/env4followups
+ conda activate /hildafs/projects/phy200025p/tcabrera/.conda/envs/env4followups
+ '[' 2 -lt 1 ']'
+ local cmd=activate
+ shift
+ case "$cmd" in
+ __conda_activate activate /hildafs/projects/phy200025p/tcabrera/.conda/envs/env4followups
+ '[' -n '' ']'
+ local cmd=activate
+ shift
+ local ask_conda
+ CONDA_INTERNAL_OLDPATH=/opt/packages/anaconda3/condabin:/hildafs/home/tcabrera/.local/bin:/hildafs/home/tcabrera/bin:/usr/local/bin:/usr/bin:/usr/local/sbin:/usr/sbin:/opt/puppetlabs/bin
+ __add_sys_prefix_to_path
+ '[' -n '' ']'
++ dirname /opt/packages/anaconda3/bin/conda
+ SYSP=/opt/packages/anaconda3/bin
++ dirname /opt/packages/anaconda3/bin
+ SYSP=/opt/packages/anaconda3
+ '[' -n '' ']'
+ PATH=/opt/packages/anaconda3/bin:/opt/packages/anaconda3/condabin:/hildafs/home/tcabrera/.local/bin:/hildafs/home/tcabrera/bin:/usr/local/bin:/usr/bin:/usr/local/sbin:/usr/sbin:/opt/puppetlabs/bin
+ export PATH
++ PS1=
++ /opt/packages/anaconda3/bin/conda shell.posix activate /hildafs/projects/phy200025p/tcabrera/.conda/envs/env4followups
+ ask_conda='PS1='\''(env4followups) '\''
export PATH='\''/hildafs/projects/phy200025p/tcabrera/.conda/envs/env4followups/bin:/opt/packages/anaconda3/condabin:/hildafs/home/tcabrera/.local/bin:/hildafs/home/tcabrera/bin:/usr/local/bin:/usr/bin:/usr/local/sbin:/usr/sbin:/opt/puppetlabs/bin'\''
export CONDA_PREFIX='\''/hildafs/projects/phy200025p/tcabrera/.conda/envs/env4followups'\''
export CONDA_SHLVL='\''1'\''
export CONDA_DEFAULT_ENV='\''env4followups'\''
export CONDA_PROMPT_MODIFIER='\''(env4followups) '\''
export CONDA_EXE='\''/opt/packages/anaconda3/bin/conda'\''
export _CE_M='\'''\''
export _CE_CONDA='\'''\''
export CONDA_PYTHON_EXE='\''/opt/packages/anaconda3/bin/python'\'''
+ rc=0
+ PATH=/opt/packages/anaconda3/condabin:/hildafs/home/tcabrera/.local/bin:/hildafs/home/tcabrera/bin:/usr/local/bin:/usr/bin:/usr/local/sbin:/usr/sbin:/opt/puppetlabs/bin
+ eval 'PS1='\''(env4followups) '\''
export PATH='\''/hildafs/projects/phy200025p/tcabrera/.conda/envs/env4followups/bin:/opt/packages/anaconda3/condabin:/hildafs/home/tcabrera/.local/bin:/hildafs/home/tcabrera/bin:/usr/local/bin:/usr/bin:/usr/local/sbin:/usr/sbin:/opt/puppetlabs/bin'\''
export CONDA_PREFIX='\''/hildafs/projects/phy200025p/tcabrera/.conda/envs/env4followups'\''
export CONDA_SHLVL='\''1'\''
export CONDA_DEFAULT_ENV='\''env4followups'\''
export CONDA_PROMPT_MODIFIER='\''(env4followups) '\''
export CONDA_EXE='\''/opt/packages/anaconda3/bin/conda'\''
export _CE_M='\'''\''
export _CE_CONDA='\'''\''
export CONDA_PYTHON_EXE='\''/opt/packages/anaconda3/bin/python'\'''
++ PS1='(env4followups) '
++ export PATH=/hildafs/projects/phy200025p/tcabrera/.conda/envs/env4followups/bin:/opt/packages/anaconda3/condabin:/hildafs/home/tcabrera/.local/bin:/hildafs/home/tcabrera/bin:/usr/local/bin:/usr/bin:/usr/local/sbin:/usr/sbin:/opt/puppetlabs/bin
++ PATH=/hildafs/projects/phy200025p/tcabrera/.conda/envs/env4followups/bin:/opt/packages/anaconda3/condabin:/hildafs/home/tcabrera/.local/bin:/hildafs/home/tcabrera/bin:/usr/local/bin:/usr/bin:/usr/local/sbin:/usr/sbin:/opt/puppetlabs/bin
++ export CONDA_PREFIX=/hildafs/projects/phy200025p/tcabrera/.conda/envs/env4followups
++ CONDA_PREFIX=/hildafs/projects/phy200025p/tcabrera/.conda/envs/env4followups
++ export CONDA_SHLVL=1
++ CONDA_SHLVL=1
++ export CONDA_DEFAULT_ENV=env4followups
++ CONDA_DEFAULT_ENV=env4followups
++ export 'CONDA_PROMPT_MODIFIER=(env4followups) '
++ CONDA_PROMPT_MODIFIER='(env4followups) '
++ export CONDA_EXE=/opt/packages/anaconda3/bin/conda
++ CONDA_EXE=/opt/packages/anaconda3/bin/conda
++ export _CE_M=
++ _CE_M=
++ export _CE_CONDA=
++ _CE_CONDA=
++ export CONDA_PYTHON_EXE=/opt/packages/anaconda3/bin/python
++ CONDA_PYTHON_EXE=/opt/packages/anaconda3/bin/python
+ '[' 0 '!=' 0 ']'
+ __conda_hashr
+ '[' -n '' ']'
+ '[' -n '' ']'
+ hash -r
+ python evaluate_coverage.py
('XTENSION', 'BINTABLE', 'Binary table written by MWRFITS v1.11')
('BITPIX', 8, 'Required value')
('NAXIS', 2, 'Required value')
('NAXIS1', 106, 'Number of bytes per row')
('NAXIS2', 59223, 'Number of rows')
('PCOUNT', 0, 'Normally 0 (no varying arrays)')
('GCOUNT', 1, 'Required value')
('TFIELDS', 24, 'Number of columns in table')
('COMMENT', '', '')
('COMMENT', ' *** End of mandatory fields ***', '')
('COMMENT', '', '')
('COMMENT', '', '')
('COMMENT', ' *** Column names ***', '')
('COMMENT', '', '')
('TTYPE1', 'TILEID', '')
('TTYPE2', 'RA', '')
('TTYPE3', 'DEC', '')
('TTYPE4', 'PASS', '')
('TTYPE5', 'IN_SDSS', '')
('TTYPE6', 'IN_DES', '')
('TTYPE7', 'IN_DESI', '')
('TTYPE8', 'EBV_MED', '')
('TTYPE9', 'G_DONE', '')
('TTYPE10', 'R_DONE', '')
('TTYPE11', 'Z_DONE', '')
('TTYPE12', 'G_DATE', '')
('TTYPE13', 'R_DATE', '')
('TTYPE14', 'Z_DATE', '')
('TTYPE15', 'G_EXPNUM', '')
('TTYPE16', 'R_EXPNUM', '')
('TTYPE17', 'Z_EXPNUM', '')
('TTYPE18', 'G_DEPTH', '')
('TTYPE19', 'R_DEPTH', '')
('TTYPE20', 'Z_DEPTH', '')
('TTYPE21', 'IN_DESI_ORIG', '')
('TTYPE22', 'G_SEEING', '')
('TTYPE23', 'R_SEEING', '')
('TTYPE24', 'Z_SEEING', '')
('COMMENT', '', '')
('COMMENT', ' *** Column formats ***', '')
('COMMENT', '', '')
('TFORM1', 'J', '')
('TFORM2', 'D', '')
('TFORM3', 'D', '')
('TFORM4', 'I', '')
('TFORM5', 'I', '')
('TFORM6', 'I', '')
('TFORM7', 'I', '')
('TFORM8', 'E', '')
('TFORM9', 'I', '')
('TFORM10', 'I', '')
('TFORM11', 'I', '')
('TFORM12', '10A', '')
('TFORM13', '10A', '')
('TFORM14', '10A', '')
('TFORM15', 'J', '')
('TFORM16', 'J', '')
('TFORM17', 'J', '')
('TFORM18', 'E', '')
('TFORM19', 'E', '')
('TFORM20', 'E', '')
('TFORM21', 'I', '')
('TFORM22', 'E', '')
('TFORM23', 'E', '')
('TFORM24', 'E', '')
('XTENSION', 'BINTABLE', 'Binary table written by MWRFITS v1.11')
('BITPIX', 8, 'Required value')
('NAXIS', 2, 'Required value')
('NAXIS1', 106, 'Number of bytes per row')
('NAXIS2', 59223, 'Number of rows')
('PCOUNT', 0, 'Normally 0 (no varying arrays)')
('GCOUNT', 1, 'Required value')
('TFIELDS', 24, 'Number of columns in table')
('COMMENT', '', '')
('COMMENT', ' *** End of mandatory fields ***', '')
('COMMENT', '', '')
('COMMENT', '', '')
('COMMENT', ' *** Column names ***', '')
('COMMENT', '', '')
('TTYPE1', 'TILEID', '')
('TTYPE2', 'RA', '')
('TTYPE3', 'DEC', '')
('TTYPE4', 'PASS', '')
('TTYPE5', 'IN_SDSS', '')
('TTYPE6', 'IN_DES', '')
('TTYPE7', 'IN_DESI', '')
('TTYPE8', 'EBV_MED', '')
('TTYPE9', 'G_DONE', '')
('TTYPE10', 'R_DONE', '')
('TTYPE11', 'Z_DONE', '')
('TTYPE12', 'G_DATE', '')
('TTYPE13', 'R_DATE', '')
('TTYPE14', 'Z_DATE', '')
('TTYPE15', 'G_EXPNUM', '')
('TTYPE16', 'R_EXPNUM', '')
('TTYPE17', 'Z_EXPNUM', '')
('TTYPE18', 'G_DEPTH', '')
('TTYPE19', 'R_DEPTH', '')
('TTYPE20', 'Z_DEPTH', '')
('TTYPE21', 'IN_DESI_ORIG', '')
('TTYPE22', 'G_SEEING', '')
('TTYPE23', 'R_SEEING', '')
('TTYPE24', 'Z_SEEING', '')
('COMMENT', '', '')
('COMMENT', ' *** Column formats ***', '')
('COMMENT', '', '')
('TFORM1', 'J', '')
('TFORM2', 'D', '')
('TFORM3', 'D', '')
('TFORM4', 'I', '')
('TFORM5', 'I', '')
('TFORM6', 'I', '')
('TFORM7', 'I', '')
('TFORM8', 'E', '')
('TFORM9', 'I', '')
('TFORM10', 'I', '')
('TFORM11', 'I', '')
('TFORM12', '10A', '')
('TFORM13', '10A', '')
('TFORM14', '10A', '')
('TFORM15', 'J', '')
('TFORM16', 'J', '')
('TFORM17', 'J', '')
('TFORM18', 'E', '')
('TFORM19', 'E', '')
('TFORM20', 'E', '')
('TFORM21', 'I', '')
('TFORM22', 'E', '')
('TFORM23', 'E', '')
('TFORM24', 'E', '')

real	56m20.795s
user	4461m42.813s
sys	2319m9.174s

real	91m36.182s
user	5555m10.492s
sys	5676m19.663s
